/usr/bin/ruby -r ./siteconf20180510-1887-1ktf3bc.rb extconf.rb
creating Makefile

make "DESTDIR=" clean
make: Warning: File 'Makefile' has modification time 70 s in the future
make: warning:  Clock skew detected.  Your build may be incomplete.

make "DESTDIR="
make: Warning: File 'Makefile' has modification time 70 s in the future
compiling ext_scanners.c
compiling linked_list.c
compiling plugin.c
compiling xml.c
compiling node.c
compiling cmark_ctype.c
compiling table.c
compiling arena.c
compiling core-extensions.c
compiling latex.c
compiling houdini_html_u.c
compiling registry.c
compiling render.c
compiling strikethrough.c
compiling html.c
compiling cmark.c
compiling houdini_href_e.c
compiling commonmark.c
compiling houdini_html_e.c
compiling plaintext.c
compiling syntax_extension.c
compiling scanners.c
compiling blocks.c
compiling iterator.c
compiling autolink.c
compiling map.c
compiling buffer.c
compiling tagfilter.c
compiling utf8.c
compiling commonmarker.c
In file included from houdini.h:9:0,
                 from commonmarker.c:3:
config.h:8:0: warning: "HAVE_STDBOOL_H" redefined
 #define HAVE_STDBOOL_H
 ^
In file included from /usr/include/ruby-2.2.0/ruby/ruby.h:24:0,
                 from /usr/include/ruby-2.2.0/ruby.h:33,
                 from commonmarker.h:9,
                 from commonmarker.c:1:
/usr/include/ruby-2.2.0/x86_64-linux/ruby/config.h:26:0: note: this is the location of the previous definition
 #define HAVE_STDBOOL_H 1
 ^
compiling references.c
compiling man.c
compiling footnotes.c
compiling inlines.c
linking shared-object commonmarker/commonmarker.so
make: warning:  Clock skew detected.  Your build may be incomplete.

make "DESTDIR=" install
make: Warning: File 'Makefile' has modification time 64 s in the future
/usr/bin/ginstall -c -m 0755 commonmarker.so ./.gem.20180510-1887-q1zxt0/commonmarker
make: warning:  Clock skew detected.  Your build may be incomplete.
