/usr/bin/ruby -r ./siteconf20180510-1887-112y55t.rb extconf.rb
checking for ffi_call() in -lffi... yes
checking for ffi_closure_alloc()... yes
checking for ffi_raw_call()... yes
checking for ffi_prep_raw_closure()... yes
checking for shlwapi.h... no
checking for rb_thread_blocking_region()... no
checking for rb_thread_call_with_gvl()... yes
checking for rb_thread_call_without_gvl()... yes
checking for ffi_prep_cif_var()... yes
creating extconf.h
creating Makefile

make "DESTDIR=" clean
make: Warning: File 'Makefile' has modification time 70 s in the future
make: warning:  Clock skew detected.  Your build may be incomplete.

make "DESTDIR="
make: Warning: File 'Makefile' has modification time 70 s in the future
compiling DynamicLibrary.c
compiling LongDouble.c
compiling Closure.c
compiling DataConverter.c
compiling Platform.c
compiling Struct.c
compiling StructByReference.c
compiling MemoryPointer.c
compiling Type.c
compiling Thread.c
compiling AbstractMemory.c
compiling Function.c
Function.c: In function ‘async_cb_event’:
Function.c:569:9: warning: implicit declaration of function ‘rb_thread_call_without_gvl’ [-Wimplicit-function-declaration]
         rb_thread_call_without_gvl(async_cb_wait, &w, async_cb_stop, &w);
         ^
compiling ArrayType.c
compiling StructByValue.c
compiling LastError.c
compiling Pointer.c
compiling Buffer.c
compiling Variadic.c
compiling Types.c
compiling MappedType.c
compiling Call.c
In file included from Call.h:36:0,
                 from Function.h:48,
                 from Call.c:57:
Call.c: In function ‘rbffi_do_blocking_call’:
Thread.h:78:39: warning: implicit declaration of function ‘rb_thread_call_without_gvl’ [-Wimplicit-function-declaration]
 # define rbffi_thread_blocking_region rb_thread_call_without_gvl
                                       ^
Call.c:334:5: note: in expansion of macro ‘rbffi_thread_blocking_region’
     rbffi_thread_blocking_region(call_blocking_function, data, (void *) -1, NULL);
     ^
compiling StructLayout.c
compiling MethodHandle.c
compiling ffi.c
compiling FunctionInfo.c
linking shared-object ffi_c.so
make: warning:  Clock skew detected.  Your build may be incomplete.

make "DESTDIR=" install
make: Warning: File 'Makefile' has modification time 66 s in the future
/usr/bin/ginstall -c -m 0755 ffi_c.so ./.gem.20180510-1887-x2m6ql
make: warning:  Clock skew detected.  Your build may be incomplete.
